<?xml version="1.0" encoding="UTF-8"?>
<!-- Generated by org.testng.reporters.JUnitReportReporter -->
<testsuite hostname="blr-mp3nl" failures="0" tests="1" name="TestScriptsForM365.Demo" time="0.013" errors="0" timestamp="2023-01-24T15:27:18 IST" skipped="0">
  <testcase classname="TestScriptsForM365.Demo" name="demo" time="0.013"/>
  <system-out/>
</testsuite> <!-- TestScriptsForM365.Demo -->
